<?xml version="1.0" encoding="UTF-8"?>
<testng-results ignored="0" total="12" passed="11" failed="1" skipped="0">
  <reporter-output>
  </reporter-output>
  <suite started-at="2025-02-20T11:17:48 IST" name="Suite" finished-at="2025-02-20T11:26:47 IST" duration-ms="539050">
    <groups>
    </groups>
    <test started-at="2025-02-20T11:17:48 IST" name="Test" finished-at="2025-02-20T11:26:47 IST" duration-ms="539050">
      <class name="filterTestcase.JobFunc_eng">
        <test-method signature="engFuncopt()[pri:0, instance:filterTestcase.JobFunc_eng@3a52dba3]" started-at="2025-02-20T11:18:09 IST" name="engFuncopt" finished-at="2025-02-20T11:18:09 IST" duration-ms="130" status="PASS">
          <reporter-output>
          </reporter-output>
        </test-method> <!-- engFuncopt -->
      </class> <!-- filterTestcase.JobFunc_eng -->
      <class name="filterTestcase.Easyapply">
        <test-method signature="easyApplybtn()[pri:0, instance:filterTestcase.Easyapply@7a8c8dcf]" started-at="2025-02-20T11:18:06 IST" name="easyApplybtn" finished-at="2025-02-20T11:18:09 IST" duration-ms="2176" status="PASS">
          <reporter-output>
          </reporter-output>
        </test-method> <!-- easyApplybtn -->
      </class> <!-- filterTestcase.Easyapply -->
      <class name="filterTestcase.JobType_fullTime">
        <test-method signature="fullTimeopt()[pri:0, instance:filterTestcase.JobType_fullTime@2a5c8d3f]" started-at="2025-02-20T11:18:09 IST" name="fullTimeopt" finished-at="2025-02-20T11:18:09 IST" duration-ms="187" status="PASS">
          <reporter-output>
          </reporter-output>
        </test-method> <!-- fullTimeopt -->
      </class> <!-- filterTestcase.JobType_fullTime -->
      <class name="filterTestcase.JobFunc_it">
        <test-method signature="itFuncopt()[pri:0, instance:filterTestcase.JobFunc_it@24aed80c]" started-at="2025-02-20T11:18:09 IST" name="itFuncopt" finished-at="2025-02-20T11:18:09 IST" duration-ms="122" status="PASS">
          <reporter-output>
          </reporter-output>
        </test-method> <!-- itFuncopt -->
      </class> <!-- filterTestcase.JobFunc_it -->
      <class name="easyApplytestcase.FinalTest">
        <test-method signature="finalTestCase()[pri:0, instance:easyApplytestcase.FinalTest@279fedbd]" started-at="2025-02-20T11:18:12 IST" name="finalTestCase" finished-at="2025-02-20T11:26:47 IST" duration-ms="515119" status="FAIL">
          <exception class="org.openqa.selenium.StaleElementReferenceException">
            <message>
              <![CDATA[stale element reference: stale element not found in the current frame
  (Session info: chrome=132.0.6834.197)
For documentation on this error, please visit: https://www.selenium.dev/documentation/webdriver/troubleshooting/errors#stale-element-reference-exception
Build info: version: '4.23.1', revision: '656257d8e9'
System info: os.name: 'Windows 10', os.arch: 'amd64', os.version: '10.0', java.version: '21.0.1'
Driver info: org.openqa.selenium.chrome.ChromeDriver
Command: [7689281ff8563eb40ccc97db6cf9cde0, clickElement {id=f.08281C591AB8C11703EF5D4DF71F757D.d.1F1D19C2CF867EEDF35EA48DD2F21EA6.e.1395}]
Capabilities {acceptInsecureCerts: false, browserName: chrome, browserVersion: 132.0.6834.197, chrome: {chromedriverVersion: 132.0.6834.159 (2d77d3fc445..., userDataDir: C:\Users\tanma\AppData\Loca...}, fedcm:accounts: true, goog:chromeOptions: {debuggerAddress: localhost:49786}, networkConnectionEnabled: false, pageLoadStrategy: normal, platformName: windows, proxy: Proxy(), se:cdp: ws://localhost:49786/devtoo..., se:cdpVersion: 132.0.6834.197, setWindowRect: true, strictFileInteractability: false, timeouts: {implicit: 0, pageLoad: 300000, script: 30000}, unhandledPromptBehavior: dismiss and notify, webauthn:extension:credBlob: true, webauthn:extension:largeBlob: true, webauthn:extension:minPinLength: true, webauthn:extension:prf: true, webauthn:virtualAuthenticators: true}
Element: [[ChromeDriver: chrome on windows (7689281ff8563eb40ccc97db6cf9cde0)] -> xpath: //button[@aria-label="Review your application"]]
Session ID: 7689281ff8563eb40ccc97db6cf9cde0]]>
            </message>
            <full-stacktrace>
              <![CDATA[org.openqa.selenium.StaleElementReferenceException: stale element reference: stale element not found in the current frame
  (Session info: chrome=132.0.6834.197)
For documentation on this error, please visit: https://www.selenium.dev/documentation/webdriver/troubleshooting/errors#stale-element-reference-exception
Build info: version: '4.23.1', revision: '656257d8e9'
System info: os.name: 'Windows 10', os.arch: 'amd64', os.version: '10.0', java.version: '21.0.1'
Driver info: org.openqa.selenium.chrome.ChromeDriver
Command: [7689281ff8563eb40ccc97db6cf9cde0, clickElement {id=f.08281C591AB8C11703EF5D4DF71F757D.d.1F1D19C2CF867EEDF35EA48DD2F21EA6.e.1395}]
Capabilities {acceptInsecureCerts: false, browserName: chrome, browserVersion: 132.0.6834.197, chrome: {chromedriverVersion: 132.0.6834.159 (2d77d3fc445..., userDataDir: C:\Users\tanma\AppData\Loca...}, fedcm:accounts: true, goog:chromeOptions: {debuggerAddress: localhost:49786}, networkConnectionEnabled: false, pageLoadStrategy: normal, platformName: windows, proxy: Proxy(), se:cdp: ws://localhost:49786/devtoo..., se:cdpVersion: 132.0.6834.197, setWindowRect: true, strictFileInteractability: false, timeouts: {implicit: 0, pageLoad: 300000, script: 30000}, unhandledPromptBehavior: dismiss and notify, webauthn:extension:credBlob: true, webauthn:extension:largeBlob: true, webauthn:extension:minPinLength: true, webauthn:extension:prf: true, webauthn:virtualAuthenticators: true}
Element: [[ChromeDriver: chrome on windows (7689281ff8563eb40ccc97db6cf9cde0)] -> xpath: //button[@aria-label="Review your application"]]
Session ID: 7689281ff8563eb40ccc97db6cf9cde0
at java.base/jdk.internal.reflect.DirectConstructorHandleAccessor.newInstance(DirectConstructorHandleAccessor.java:62)
at java.base/java.lang.reflect.Constructor.newInstanceWithCaller(Constructor.java:502)
at java.base/java.lang.reflect.Constructor.newInstance(Constructor.java:486)
at org.openqa.selenium.remote.ErrorCodec.decode(ErrorCodec.java:167)
at org.openqa.selenium.remote.codec.w3c.W3CHttpResponseCodec.decode(W3CHttpResponseCodec.java:138)
at org.openqa.selenium.remote.codec.w3c.W3CHttpResponseCodec.decode(W3CHttpResponseCodec.java:50)
at org.openqa.selenium.remote.HttpCommandExecutor.execute(HttpCommandExecutor.java:190)
at org.openqa.selenium.remote.service.DriverCommandExecutor.invokeExecute(DriverCommandExecutor.java:216)
at org.openqa.selenium.remote.service.DriverCommandExecutor.execute(DriverCommandExecutor.java:174)
at org.openqa.selenium.remote.RemoteWebDriver.execute(RemoteWebDriver.java:545)
at org.openqa.selenium.remote.RemoteWebElement.execute(RemoteWebElement.java:223)
at org.openqa.selenium.remote.RemoteWebElement.click(RemoteWebElement.java:76)
at easyApplypage.review_btnpage.option(review_btnpage.java:25)
at easyApplypage.FinalTestpage.Solution(FinalTestpage.java:80)
at easyApplytestcase.FinalTest.finalTestCase(FinalTest.java:18)
at java.base/jdk.internal.reflect.DirectMethodHandleAccessor.invoke(DirectMethodHandleAccessor.java:103)
at java.base/java.lang.reflect.Method.invoke(Method.java:580)
at org.testng.internal.invokers.MethodInvocationHelper.invokeMethod(MethodInvocationHelper.java:141)
at org.testng.internal.invokers.TestInvoker.invokeMethod(TestInvoker.java:686)
at org.testng.internal.invokers.TestInvoker.invokeTestMethod(TestInvoker.java:230)
at org.testng.internal.invokers.MethodRunner.runInSequence(MethodRunner.java:63)
at org.testng.internal.invokers.TestInvoker$MethodInvocationAgent.invoke(TestInvoker.java:992)
at org.testng.internal.invokers.TestInvoker.invokeTestMethods(TestInvoker.java:203)
at org.testng.internal.invokers.TestMethodWorker.invokeTestMethods(TestMethodWorker.java:154)
at org.testng.internal.invokers.TestMethodWorker.run(TestMethodWorker.java:134)
at java.base/java.util.ArrayList.forEach(ArrayList.java:1596)
at org.testng.TestRunner.privateRun(TestRunner.java:739)
at org.testng.TestRunner.run(TestRunner.java:614)
at org.testng.SuiteRunner.runTest(SuiteRunner.java:421)
at org.testng.SuiteRunner.runSequentially(SuiteRunner.java:413)
at org.testng.SuiteRunner.privateRun(SuiteRunner.java:373)
at org.testng.SuiteRunner.run(SuiteRunner.java:312)
at org.testng.SuiteRunnerWorker.runSuite(SuiteRunnerWorker.java:52)
at org.testng.SuiteRunnerWorker.run(SuiteRunnerWorker.java:95)
at org.testng.TestNG.runSuitesSequentially(TestNG.java:1274)
at org.testng.TestNG.runSuitesLocally(TestNG.java:1208)
at org.testng.TestNG.runSuites(TestNG.java:1112)
at org.testng.TestNG.run(TestNG.java:1079)
at org.testng.remote.AbstractRemoteTestNG.run(AbstractRemoteTestNG.java:115)
at org.testng.remote.RemoteTestNG.initAndRun(RemoteTestNG.java:293)
at org.testng.remote.RemoteTestNG.main(RemoteTestNG.java:91)
]]>
            </full-stacktrace>
          </exception> <!-- org.openqa.selenium.StaleElementReferenceException -->
          <reporter-output>
          </reporter-output>
        </test-method> <!-- finalTestCase -->
      </class> <!-- easyApplytestcase.FinalTest -->
      <class name="filterTestcase.AllFilter">
        <test-method signature="allFilters()[pri:0, instance:filterTestcase.AllFilter@5dda768f]" started-at="2025-02-20T11:18:03 IST" name="allFilters" finished-at="2025-02-20T11:18:06 IST" duration-ms="3606" status="PASS">
          <reporter-output>
          </reporter-output>
        </test-method> <!-- allFilters -->
      </class> <!-- filterTestcase.AllFilter -->
      <class name="testcase.SkillInput">
        <test-method signature="input(java.lang.String)[pri:0, instance:testcase.SkillInput@1ce24091]" started-at="2025-02-20T11:18:01 IST" name="input" data-provider="testData" finished-at="2025-02-20T11:18:03 IST" duration-ms="2132" status="PASS">
          <params>
            <param index="0">
              <value>
                <![CDATA[java]]>
              </value>
            </param>
          </params>
          <reporter-output>
          </reporter-output>
        </test-method> <!-- input -->
      </class> <!-- testcase.SkillInput -->
      <class name="filterTestcase.JobType_intern">
        <test-method signature="internopt()[pri:0, instance:filterTestcase.JobType_intern@752325ad]" started-at="2025-02-20T11:18:09 IST" name="internopt" finished-at="2025-02-20T11:18:12 IST" duration-ms="2387" status="PASS">
          <reporter-output>
          </reporter-output>
        </test-method> <!-- internopt -->
      </class> <!-- filterTestcase.JobType_intern -->
      <class name="filterTestcase.Exp_intern_level">
        <test-method signature="interExpopt()[pri:0, instance:filterTestcase.Exp_intern_level@24269709]" started-at="2025-02-20T11:18:09 IST" name="interExpopt" finished-at="2025-02-20T11:18:09 IST" duration-ms="166" status="PASS">
          <reporter-output>
          </reporter-output>
        </test-method> <!-- interExpopt -->
      </class> <!-- filterTestcase.Exp_intern_level -->
      <class name="testcase.login">
        <test-method is-config="true" signature="setupReport()[pri:0, instance:testcase.login@2cd76f31]" started-at="2025-02-20T11:17:48 IST" name="setupReport" finished-at="2025-02-20T11:17:48 IST" duration-ms="280" status="PASS">
          <reporter-output>
          </reporter-output>
        </test-method> <!-- setupReport -->
        <test-method is-config="true" signature="setup()[pri:0, instance:testcase.login@2cd76f31]" started-at="2025-02-20T11:17:48 IST" name="setup" finished-at="2025-02-20T11:17:52 IST" duration-ms="3922" status="PASS">
          <reporter-output>
          </reporter-output>
        </test-method> <!-- setup -->
        <test-method signature="login(java.lang.String,java.lang.String)[pri:0, instance:testcase.login@2cd76f31]" started-at="2025-02-20T11:17:53 IST" name="login" data-provider="testData" finished-at="2025-02-20T11:18:00 IST" duration-ms="6465" status="PASS">
          <params>
            <param index="0">
              <value>
                <![CDATA[tanmaybansal441@gmail.com]]>
              </value>
            </param>
            <param index="1">
              <value>
                <![CDATA[Testing@1357]]>
              </value>
            </param>
          </params>
          <reporter-output>
          </reporter-output>
        </test-method> <!-- login -->
        <test-method is-config="true" signature="tearDown()[pri:0, instance:testcase.login@2cd76f31]" started-at="2025-02-20T11:26:47 IST" name="tearDown" finished-at="2025-02-20T11:26:47 IST" duration-ms="1" status="PASS">
          <reporter-output>
          </reporter-output>
        </test-method> <!-- tearDown -->
        <test-method is-config="true" signature="tearDownReport()[pri:0, instance:testcase.login@2cd76f31]" started-at="2025-02-20T11:26:47 IST" name="tearDownReport" finished-at="2025-02-20T11:26:47 IST" duration-ms="325" status="PASS">
          <reporter-output>
          </reporter-output>
        </test-method> <!-- tearDownReport -->
      </class> <!-- testcase.login -->
      <class name="testcase.jobSearch">
        <test-method signature="jobSrh()[pri:0, instance:testcase.jobSearch@fbd1f6]" started-at="2025-02-20T11:18:00 IST" name="jobSrh" finished-at="2025-02-20T11:18:01 IST" duration-ms="737" status="PASS">
          <reporter-output>
          </reporter-output>
        </test-method> <!-- jobSrh -->
      </class> <!-- testcase.jobSearch -->
      <class name="filterTestcase.Exp_ent_level">
        <test-method signature="entryExp()[pri:0, instance:filterTestcase.Exp_ent_level@2aceadd4]" started-at="2025-02-20T11:18:09 IST" name="entryExp" finished-at="2025-02-20T11:18:09 IST" duration-ms="257" status="PASS">
          <reporter-output>
          </reporter-output>
        </test-method> <!-- entryExp -->
      </class> <!-- filterTestcase.Exp_ent_level -->
    </test> <!-- Test -->
  </suite> <!-- Suite -->
</testng-results>
