<?xml version="1.0" encoding="UTF-8"?>
<testng-results ignored="0" total="12" passed="11" failed="1" skipped="0">
  <reporter-output>
  </reporter-output>
  <suite started-at="2025-02-21T15:24:28 IST" name="Suite" finished-at="2025-02-21T15:30:03 IST" duration-ms="335527">
    <groups>
    </groups>
    <test started-at="2025-02-21T15:24:28 IST" name="Test" finished-at="2025-02-21T15:30:03 IST" duration-ms="335527">
      <class name="filterTestcase.JobFunc_eng">
        <test-method signature="engFuncopt()[pri:0, instance:filterTestcase.JobFunc_eng@2a5c8d3f]" started-at="2025-02-21T15:24:56 IST" name="engFuncopt" finished-at="2025-02-21T15:24:56 IST" duration-ms="140" status="PASS">
          <reporter-output>
          </reporter-output>
        </test-method> <!-- engFuncopt -->
      </class> <!-- filterTestcase.JobFunc_eng -->
      <class name="filterTestcase.Easyapply">
        <test-method signature="easyApplybtn()[pri:0, instance:filterTestcase.Easyapply@24269709]" started-at="2025-02-21T15:24:53 IST" name="easyApplybtn" finished-at="2025-02-21T15:24:56 IST" duration-ms="2164" status="PASS">
          <reporter-output>
          </reporter-output>
        </test-method> <!-- easyApplybtn -->
      </class> <!-- filterTestcase.Easyapply -->
      <class name="filterTestcase.JobType_fullTime">
        <test-method signature="fullTimeopt()[pri:0, instance:filterTestcase.JobType_fullTime@752325ad]" started-at="2025-02-21T15:24:56 IST" name="fullTimeopt" finished-at="2025-02-21T15:24:56 IST" duration-ms="114" status="PASS">
          <reporter-output>
          </reporter-output>
        </test-method> <!-- fullTimeopt -->
      </class> <!-- filterTestcase.JobType_fullTime -->
      <class name="filterTestcase.JobFunc_it">
        <test-method signature="itFuncopt()[pri:0, instance:filterTestcase.JobFunc_it@3a52dba3]" started-at="2025-02-21T15:24:56 IST" name="itFuncopt" finished-at="2025-02-21T15:24:56 IST" duration-ms="128" status="PASS">
          <reporter-output>
          </reporter-output>
        </test-method> <!-- itFuncopt -->
      </class> <!-- filterTestcase.JobFunc_it -->
      <class name="easyApplytestcase.FinalTest">
        <test-method signature="finalTestCase()[pri:0, instance:easyApplytestcase.FinalTest@b3ca52e]" started-at="2025-02-21T15:24:59 IST" name="finalTestCase" finished-at="2025-02-21T15:30:03 IST" duration-ms="304380" status="FAIL">
          <exception class="org.openqa.selenium.ElementClickInterceptedException">
            <message>
              <![CDATA[element click intercepted: Element <div data-job-id="4130875962" class="display-flex job-card-container relative job-card-list
        job-card-container--clickable
        
        job-card-list--underline-title-on-hover  jobs-search-two-pane__job-card-container--viewport-tracking-6" data-view-name="job-card">...</div> is not clickable at point (447, 236). Other element would receive the click: <image href="https://static.licdn.com/aero-v1/sc/h/2jrf30m7ammwi6wdoq0ibnfhc" x="0" y="0" width="48" height="48"></image>
  (Session info: chrome=133.0.6943.99)
Build info: version: '4.23.1', revision: '656257d8e9'
System info: os.name: 'Windows 10', os.arch: 'amd64', os.version: '10.0', java.version: '21.0.1'
Driver info: org.openqa.selenium.chrome.ChromeDriver
Command: [4dae636a2cbc20a216100560905b039b, clickElement {id=f.34CA2463FFE7E0255015A3D65E109963.d.EC716C81BA2AC219F242D40B4E53D467.e.869}]
Capabilities {acceptInsecureCerts: false, browserName: chrome, browserVersion: 133.0.6943.99, chrome: {chromedriverVersion: 133.0.6943.126 (cffa127ce7b..., userDataDir: C:\Users\tanma\AppData\Loca...}, fedcm:accounts: true, goog:chromeOptions: {debuggerAddress: localhost:56684}, networkConnectionEnabled: false, pageLoadStrategy: normal, platformName: windows, proxy: Proxy(), se:cdp: ws://localhost:56684/devtoo..., se:cdpVersion: 133.0.6943.99, setWindowRect: true, strictFileInteractability: false, timeouts: {implicit: 0, pageLoad: 300000, script: 30000}, unhandledPromptBehavior: dismiss and notify, webauthn:extension:credBlob: true, webauthn:extension:largeBlob: true, webauthn:extension:minPinLength: true, webauthn:extension:prf: true, webauthn:virtualAuthenticators: true}
Element: [[ChromeDriver: chrome on windows (4dae636a2cbc20a216100560905b039b)] -> xpath: (//div[@data-view-name="job-card"])[7]]
Session ID: 4dae636a2cbc20a216100560905b039b]]>
            </message>
            <full-stacktrace>
              <![CDATA[org.openqa.selenium.ElementClickInterceptedException: element click intercepted: Element <div data-job-id="4130875962" class="display-flex job-card-container relative job-card-list
        job-card-container--clickable
        
        job-card-list--underline-title-on-hover  jobs-search-two-pane__job-card-container--viewport-tracking-6" data-view-name="job-card">...</div> is not clickable at point (447, 236). Other element would receive the click: <image href="https://static.licdn.com/aero-v1/sc/h/2jrf30m7ammwi6wdoq0ibnfhc" x="0" y="0" width="48" height="48"></image>
  (Session info: chrome=133.0.6943.99)
Build info: version: '4.23.1', revision: '656257d8e9'
System info: os.name: 'Windows 10', os.arch: 'amd64', os.version: '10.0', java.version: '21.0.1'
Driver info: org.openqa.selenium.chrome.ChromeDriver
Command: [4dae636a2cbc20a216100560905b039b, clickElement {id=f.34CA2463FFE7E0255015A3D65E109963.d.EC716C81BA2AC219F242D40B4E53D467.e.869}]
Capabilities {acceptInsecureCerts: false, browserName: chrome, browserVersion: 133.0.6943.99, chrome: {chromedriverVersion: 133.0.6943.126 (cffa127ce7b..., userDataDir: C:\Users\tanma\AppData\Loca...}, fedcm:accounts: true, goog:chromeOptions: {debuggerAddress: localhost:56684}, networkConnectionEnabled: false, pageLoadStrategy: normal, platformName: windows, proxy: Proxy(), se:cdp: ws://localhost:56684/devtoo..., se:cdpVersion: 133.0.6943.99, setWindowRect: true, strictFileInteractability: false, timeouts: {implicit: 0, pageLoad: 300000, script: 30000}, unhandledPromptBehavior: dismiss and notify, webauthn:extension:credBlob: true, webauthn:extension:largeBlob: true, webauthn:extension:minPinLength: true, webauthn:extension:prf: true, webauthn:virtualAuthenticators: true}
Element: [[ChromeDriver: chrome on windows (4dae636a2cbc20a216100560905b039b)] -> xpath: (//div[@data-view-name="job-card"])[7]]
Session ID: 4dae636a2cbc20a216100560905b039b
at java.base/jdk.internal.reflect.DirectConstructorHandleAccessor.newInstance(DirectConstructorHandleAccessor.java:62)
at java.base/java.lang.reflect.Constructor.newInstanceWithCaller(Constructor.java:502)
at java.base/java.lang.reflect.Constructor.newInstance(Constructor.java:486)
at org.openqa.selenium.remote.ErrorCodec.decode(ErrorCodec.java:167)
at org.openqa.selenium.remote.codec.w3c.W3CHttpResponseCodec.decode(W3CHttpResponseCodec.java:138)
at org.openqa.selenium.remote.codec.w3c.W3CHttpResponseCodec.decode(W3CHttpResponseCodec.java:50)
at org.openqa.selenium.remote.HttpCommandExecutor.execute(HttpCommandExecutor.java:190)
at org.openqa.selenium.remote.service.DriverCommandExecutor.invokeExecute(DriverCommandExecutor.java:216)
at org.openqa.selenium.remote.service.DriverCommandExecutor.execute(DriverCommandExecutor.java:174)
at org.openqa.selenium.remote.RemoteWebDriver.execute(RemoteWebDriver.java:545)
at org.openqa.selenium.remote.RemoteWebElement.execute(RemoteWebElement.java:223)
at org.openqa.selenium.remote.RemoteWebElement.click(RemoteWebElement.java:76)
at easyApplypage.FinalTestpage.Solution(FinalTestpage.java:60)
at easyApplytestcase.FinalTest.finalTestCase(FinalTest.java:18)
at java.base/jdk.internal.reflect.DirectMethodHandleAccessor.invoke(DirectMethodHandleAccessor.java:103)
at java.base/java.lang.reflect.Method.invoke(Method.java:580)
at org.testng.internal.invokers.MethodInvocationHelper.invokeMethod(MethodInvocationHelper.java:141)
at org.testng.internal.invokers.TestInvoker.invokeMethod(TestInvoker.java:686)
at org.testng.internal.invokers.TestInvoker.invokeTestMethod(TestInvoker.java:230)
at org.testng.internal.invokers.MethodRunner.runInSequence(MethodRunner.java:63)
at org.testng.internal.invokers.TestInvoker$MethodInvocationAgent.invoke(TestInvoker.java:992)
at org.testng.internal.invokers.TestInvoker.invokeTestMethods(TestInvoker.java:203)
at org.testng.internal.invokers.TestMethodWorker.invokeTestMethods(TestMethodWorker.java:154)
at org.testng.internal.invokers.TestMethodWorker.run(TestMethodWorker.java:134)
at java.base/java.util.ArrayList.forEach(ArrayList.java:1596)
at org.testng.TestRunner.privateRun(TestRunner.java:739)
at org.testng.TestRunner.run(TestRunner.java:614)
at org.testng.SuiteRunner.runTest(SuiteRunner.java:421)
at org.testng.SuiteRunner.runSequentially(SuiteRunner.java:413)
at org.testng.SuiteRunner.privateRun(SuiteRunner.java:373)
at org.testng.SuiteRunner.run(SuiteRunner.java:312)
at org.testng.SuiteRunnerWorker.runSuite(SuiteRunnerWorker.java:52)
at org.testng.SuiteRunnerWorker.run(SuiteRunnerWorker.java:95)
at org.testng.TestNG.runSuitesSequentially(TestNG.java:1274)
at org.testng.TestNG.runSuitesLocally(TestNG.java:1208)
at org.testng.TestNG.runSuites(TestNG.java:1112)
at org.testng.TestNG.run(TestNG.java:1079)
at org.testng.remote.AbstractRemoteTestNG.run(AbstractRemoteTestNG.java:115)
at org.testng.remote.RemoteTestNG.initAndRun(RemoteTestNG.java:293)
at org.testng.remote.RemoteTestNG.main(RemoteTestNG.java:91)
]]>
            </full-stacktrace>
          </exception> <!-- org.openqa.selenium.ElementClickInterceptedException -->
          <reporter-output>
          </reporter-output>
        </test-method> <!-- finalTestCase -->
      </class> <!-- easyApplytestcase.FinalTest -->
      <class name="filterTestcase.AllFilter">
        <test-method signature="allFilters()[pri:0, instance:filterTestcase.AllFilter@7a8c8dcf]" started-at="2025-02-21T15:24:49 IST" name="allFilters" finished-at="2025-02-21T15:24:53 IST" duration-ms="4287" status="PASS">
          <reporter-output>
          </reporter-output>
        </test-method> <!-- allFilters -->
      </class> <!-- filterTestcase.AllFilter -->
      <class name="testcase.SkillInput">
        <test-method signature="input(java.lang.String)[pri:0, instance:testcase.SkillInput@5dda768f]" started-at="2025-02-21T15:24:47 IST" name="input" data-provider="testData" finished-at="2025-02-21T15:24:49 IST" duration-ms="2018" status="PASS">
          <params>
            <param index="0">
              <value>
                <![CDATA[Testing]]>
              </value>
            </param>
          </params>
          <reporter-output>
          </reporter-output>
        </test-method> <!-- input -->
      </class> <!-- testcase.SkillInput -->
      <class name="filterTestcase.JobType_intern">
        <test-method signature="internopt()[pri:0, instance:filterTestcase.JobType_intern@279fedbd]" started-at="2025-02-21T15:24:56 IST" name="internopt" finished-at="2025-02-21T15:24:59 IST" duration-ms="2393" status="PASS">
          <reporter-output>
          </reporter-output>
        </test-method> <!-- internopt -->
      </class> <!-- filterTestcase.JobType_intern -->
      <class name="filterTestcase.Exp_intern_level">
        <test-method signature="interExpopt()[pri:0, instance:filterTestcase.Exp_intern_level@2aceadd4]" started-at="2025-02-21T15:24:56 IST" name="interExpopt" finished-at="2025-02-21T15:24:56 IST" duration-ms="147" status="PASS">
          <reporter-output>
          </reporter-output>
        </test-method> <!-- interExpopt -->
      </class> <!-- filterTestcase.Exp_intern_level -->
      <class name="testcase.login">
        <test-method is-config="true" signature="setupReport()[pri:0, instance:testcase.login@367ffa75]" started-at="2025-02-21T15:24:27 IST" name="setupReport" finished-at="2025-02-21T15:24:28 IST" duration-ms="311" status="PASS">
          <reporter-output>
          </reporter-output>
        </test-method> <!-- setupReport -->
        <test-method is-config="true" signature="setup()[pri:0, instance:testcase.login@367ffa75]" started-at="2025-02-21T15:24:28 IST" name="setup" finished-at="2025-02-21T15:24:30 IST" duration-ms="2611" status="PASS">
          <reporter-output>
          </reporter-output>
        </test-method> <!-- setup -->
        <test-method signature="login(java.lang.String,java.lang.String)[pri:0, instance:testcase.login@367ffa75]" started-at="2025-02-21T15:24:32 IST" name="login" data-provider="testData" finished-at="2025-02-21T15:24:46 IST" duration-ms="14680" status="PASS">
          <params>
            <param index="0">
              <value>
                <![CDATA[tanmaybansal441@gmail.com]]>
              </value>
            </param>
            <param index="1">
              <value>
                <![CDATA[Testing@1357]]>
              </value>
            </param>
          </params>
          <reporter-output>
          </reporter-output>
        </test-method> <!-- login -->
        <test-method is-config="true" signature="tearDown()[pri:0, instance:testcase.login@367ffa75]" started-at="2025-02-21T15:30:03 IST" name="tearDown" finished-at="2025-02-21T15:30:03 IST" duration-ms="1" status="PASS">
          <reporter-output>
          </reporter-output>
        </test-method> <!-- tearDown -->
        <test-method is-config="true" signature="tearDownReport()[pri:0, instance:testcase.login@367ffa75]" started-at="2025-02-21T15:30:03 IST" name="tearDownReport" finished-at="2025-02-21T15:30:03 IST" duration-ms="321" status="PASS">
          <reporter-output>
          </reporter-output>
        </test-method> <!-- tearDownReport -->
      </class> <!-- testcase.login -->
      <class name="testcase.jobSearch">
        <test-method signature="jobSrh()[pri:0, instance:testcase.jobSearch@1ce24091]" started-at="2025-02-21T15:24:46 IST" name="jobSrh" finished-at="2025-02-21T15:24:47 IST" duration-ms="826" status="PASS">
          <reporter-output>
          </reporter-output>
        </test-method> <!-- jobSrh -->
      </class> <!-- testcase.jobSearch -->
      <class name="filterTestcase.Exp_ent_level">
        <test-method signature="entryExp()[pri:0, instance:filterTestcase.Exp_ent_level@24aed80c]" started-at="2025-02-21T15:24:56 IST" name="entryExp" finished-at="2025-02-21T15:24:56 IST" duration-ms="127" status="PASS">
          <reporter-output>
          </reporter-output>
        </test-method> <!-- entryExp -->
      </class> <!-- filterTestcase.Exp_ent_level -->
    </test> <!-- Test -->
  </suite> <!-- Suite -->
</testng-results>
